app/build/intermediates/manifest_merge_blame_file/debug/manifest-merger-blame-debug-report.txt
1<?xml version="1.0" encoding="utf-8"?>
2<manifest xmlns:android="http://schemas.android.com/apk/res/android"
3    package="com.guruprasad.tutionnotesaplication"
4    android:versionCode="2"
5    android:versionName="1.0" >
6
7    <uses-sdk
8        android:minSdkVersion="24"
9        android:targetSdkVersion="34" />
10
11    <uses-feature
11-->src/main/AndroidManifest.xml:5:5-7:36
12        android:name="android.hardware.camera"
12-->src/main/AndroidManifest.xml:6:9-47
13        android:required="false" />
13-->src/main/AndroidManifest.xml:7:9-33
14    <uses-feature
14-->src/main/AndroidManifest.xml:8:5-10:36
15        android:name="android.hardware.telephony"
15-->src/main/AndroidManifest.xml:9:9-50
16        android:required="false" />
16-->src/main/AndroidManifest.xml:10:9-33
17
18    <uses-permission android:name="android.permission.INTERNET" />
18-->src/main/AndroidManifest.xml:12:5-67
18-->src/main/AndroidManifest.xml:12:22-64
19    <uses-permission android:name="android.permission.CAMERA" />
19-->src/main/AndroidManifest.xml:13:5-65
19-->src/main/AndroidManifest.xml:13:22-62
20    <uses-permission
20-->src/main/AndroidManifest.xml:14:5-17:40
21        android:name="android.permission.WRITE_EXTERNAL_STORAGE"
21-->src/main/AndroidManifest.xml:15:9-65
22        android:maxSdkVersion="32" />
22-->src/main/AndroidManifest.xml:16:9-35
23    <uses-permission
23-->src/main/AndroidManifest.xml:18:5-20:38
24        android:name="android.permission.READ_EXTERNAL_STORAGE"
24-->src/main/AndroidManifest.xml:19:9-64
25        android:maxSdkVersion="32" />
25-->src/main/AndroidManifest.xml:20:9-35
26    <uses-permission android:name="android.permission.POST_NOTIFICATIONS" />
26-->src/main/AndroidManifest.xml:22:5-77
26-->src/main/AndroidManifest.xml:22:22-74
27    <uses-permission android:name="android.permission.CALL_PHONE" />
27-->src/main/AndroidManifest.xml:23:5-69
27-->src/main/AndroidManifest.xml:23:22-66
28    <uses-permission android:name="com.android.alarm.permission.SET_ALARM" />
28-->src/main/AndroidManifest.xml:24:5-78
28-->src/main/AndroidManifest.xml:24:22-75
29    <uses-permission android:name="android.permission.VIBRATE" />
29-->src/main/AndroidManifest.xml:25:5-66
29-->src/main/AndroidManifest.xml:25:22-63
30    <uses-permission android:name="android.permission.ACCESS_MEDIA_LOCATION" />
30-->[com.github.afreakyelf:Pdf-Viewer:v1.0.7] AndroidManifest.xml:14:5-80
30-->[com.github.afreakyelf:Pdf-Viewer:v1.0.7] AndroidManifest.xml:14:22-77
31    <uses-permission android:name="android.permission.ACCESS_NETWORK_STATE" />
31-->[com.github.afreakyelf:Pdf-Viewer:v1.0.7] AndroidManifest.xml:15:5-79
31-->[com.github.afreakyelf:Pdf-Viewer:v1.0.7] AndroidManifest.xml:15:22-76
32    <uses-permission android:name="android.permission.READ_PHONE_STATE" />
32-->[com.github.afreakyelf:Pdf-Viewer:v1.0.7] AndroidManifest.xml:16:5-75
32-->[com.github.afreakyelf:Pdf-Viewer:v1.0.7] AndroidManifest.xml:16:22-72
33
34    <queries>
34-->[com.google.firebase:firebase-inappmessaging-display:20.4.0] AndroidManifest.xml:10:5-16:15
35        <intent>
35-->[com.google.firebase:firebase-inappmessaging-display:20.4.0] AndroidManifest.xml:11:9-15:18
36            <action android:name="android.intent.action.VIEW" />
36-->[com.google.firebase:firebase-inappmessaging-display:20.4.0] AndroidManifest.xml:12:13-65
36-->[com.google.firebase:firebase-inappmessaging-display:20.4.0] AndroidManifest.xml:12:21-62
37
38            <data android:scheme="https" />
38-->[com.google.firebase:firebase-inappmessaging-display:20.4.0] AndroidManifest.xml:14:13-44
38-->[com.google.firebase:firebase-inappmessaging-display:20.4.0] AndroidManifest.xml:14:19-41
39        </intent>
40    </queries>
41
42    <uses-permission android:name="android.permission.WAKE_LOCK" /> <!-- Required by older versions of Google Play services to create IID tokens -->
42-->[com.google.firebase:firebase-messaging:23.4.1] AndroidManifest.xml:24:5-68
42-->[com.google.firebase:firebase-messaging:23.4.1] AndroidManifest.xml:24:22-65
43    <uses-permission android:name="com.google.android.c2dm.permission.RECEIVE" />
43-->[com.google.firebase:firebase-messaging:23.4.1] AndroidManifest.xml:26:5-82
43-->[com.google.firebase:firebase-messaging:23.4.1] AndroidManifest.xml:26:22-79
44    <uses-permission android:name="com.google.android.gms.permission.AD_ID" />
44-->[com.google.android.gms:play-services-measurement-api:21.5.1] AndroidManifest.xml:25:5-79
44-->[com.google.android.gms:play-services-measurement-api:21.5.1] AndroidManifest.xml:25:22-76
45    <uses-permission android:name="android.permission.ACCESS_ADSERVICES_ATTRIBUTION" />
45-->[com.google.android.gms:play-services-measurement-api:21.5.1] AndroidManifest.xml:26:5-88
45-->[com.google.android.gms:play-services-measurement-api:21.5.1] AndroidManifest.xml:26:22-85
46    <uses-permission android:name="android.permission.ACCESS_ADSERVICES_AD_ID" />
46-->[com.google.android.gms:play-services-measurement-api:21.5.1] AndroidManifest.xml:27:5-82
46-->[com.google.android.gms:play-services-measurement-api:21.5.1] AndroidManifest.xml:27:22-79
47    <uses-permission android:name="com.google.android.providers.gsf.permission.READ_GSERVICES" />
47-->[com.google.android.recaptcha:recaptcha:18.4.0] AndroidManifest.xml:9:5-98
47-->[com.google.android.recaptcha:recaptcha:18.4.0] AndroidManifest.xml:9:22-95
48    <uses-permission android:name="com.google.android.finsky.permission.BIND_GET_INSTALL_REFERRER_SERVICE" />
48-->[com.google.android.gms:play-services-measurement:21.5.1] AndroidManifest.xml:26:5-110
48-->[com.google.android.gms:play-services-measurement:21.5.1] AndroidManifest.xml:26:22-107
49
50    <permission
50-->[androidx.core:core:1.9.0] AndroidManifest.xml:22:5-24:47
51        android:name="com.guruprasad.tutionnotesaplication.DYNAMIC_RECEIVER_NOT_EXPORTED_PERMISSION"
51-->[androidx.core:core:1.9.0] AndroidManifest.xml:23:9-81
52        android:protectionLevel="signature" />
52-->[androidx.core:core:1.9.0] AndroidManifest.xml:24:9-44
53
54    <uses-permission android:name="com.guruprasad.tutionnotesaplication.DYNAMIC_RECEIVER_NOT_EXPORTED_PERMISSION" />
54-->[androidx.core:core:1.9.0] AndroidManifest.xml:26:5-97
54-->[androidx.core:core:1.9.0] AndroidManifest.xml:26:22-94
55
56    <application
56-->src/main/AndroidManifest.xml:28:5-73:19
57        android:allowBackup="true"
57-->src/main/AndroidManifest.xml:29:9-35
58        android:appComponentFactory="androidx.core.app.CoreComponentFactory"
58-->[androidx.core:core:1.9.0] AndroidManifest.xml:28:18-86
59        android:dataExtractionRules="@xml/data_extraction_rules"
59-->src/main/AndroidManifest.xml:30:9-65
60        android:debuggable="true"
61        android:enableOnBackInvokedCallback="true"
61-->src/main/AndroidManifest.xml:31:9-51
62        android:extractNativeLibs="false"
63        android:fullBackupContent="@xml/backup_rules"
63-->src/main/AndroidManifest.xml:32:9-54
64        android:icon="@mipmap/notelogo"
64-->src/main/AndroidManifest.xml:33:9-40
65        android:label="@string/app_name"
65-->src/main/AndroidManifest.xml:34:9-41
66        android:requestLegacyExternalStorage="true"
66-->[com.github.afreakyelf:Pdf-Viewer:v1.0.7] AndroidManifest.xml:18:18-61
67        android:roundIcon="@mipmap/notelogo"
67-->src/main/AndroidManifest.xml:35:9-45
68        android:supportsRtl="true"
68-->src/main/AndroidManifest.xml:36:9-35
69        android:testOnly="true"
70        android:theme="@style/Theme.TutionNotesAplication" >
70-->src/main/AndroidManifest.xml:37:9-59
71        <activity
71-->src/main/AndroidManifest.xml:39:9-41:40
72            android:name="com.guruprasad.tutionnotesaplication.Activities.ui.CreateNote.EditNoteActivity"
72-->src/main/AndroidManifest.xml:40:13-70
73            android:exported="false" />
73-->src/main/AndroidManifest.xml:41:13-37
74        <activity
74-->src/main/AndroidManifest.xml:42:9-44:40
75            android:name="com.guruprasad.tutionnotesaplication.Activities.ui.CreateNote.SeeNoteActivity"
75-->src/main/AndroidManifest.xml:43:13-69
76            android:exported="false" />
76-->src/main/AndroidManifest.xml:44:13-37
77        <activity
77-->src/main/AndroidManifest.xml:45:9-47:40
78            android:name="com.guruprasad.tutionnotesaplication.Activities.ui.CreateNote.CreateNoteActivity"
78-->src/main/AndroidManifest.xml:46:13-72
79            android:exported="false" />
79-->src/main/AndroidManifest.xml:47:13-37
80        <activity
80-->src/main/AndroidManifest.xml:48:9-51:65
81            android:name="com.guruprasad.tutionnotesaplication.Activities.NavigationActivity"
81-->src/main/AndroidManifest.xml:49:13-58
82            android:exported="false"
82-->src/main/AndroidManifest.xml:50:13-37
83            android:label="@string/title_activity_navigation" />
83-->src/main/AndroidManifest.xml:51:13-62
84        <activity
84-->src/main/AndroidManifest.xml:52:9-54:40
85            android:name="com.guruprasad.tutionnotesaplication.Activities.Authentication.SignUpActivity"
85-->src/main/AndroidManifest.xml:53:13-69
86            android:exported="false" />
86-->src/main/AndroidManifest.xml:54:13-37
87        <activity
87-->src/main/AndroidManifest.xml:55:9-57:40
88            android:name="com.guruprasad.tutionnotesaplication.Activities.Authentication.LoginActivity"
88-->src/main/AndroidManifest.xml:56:13-68
89            android:exported="false" />
89-->src/main/AndroidManifest.xml:57:13-37
90        <activity
90-->src/main/AndroidManifest.xml:58:9-66:20
91            android:name="com.guruprasad.tutionnotesaplication.Activities.MainActivity"
91-->src/main/AndroidManifest.xml:59:13-52
92            android:exported="true" >
92-->src/main/AndroidManifest.xml:60:13-36
93            <intent-filter>
93-->src/main/AndroidManifest.xml:61:13-65:29
94                <action android:name="android.intent.action.MAIN" />
94-->src/main/AndroidManifest.xml:62:17-69
94-->src/main/AndroidManifest.xml:62:25-66
95
96                <category android:name="android.intent.category.LAUNCHER" />
96-->src/main/AndroidManifest.xml:64:17-77
96-->src/main/AndroidManifest.xml:64:27-74
97            </intent-filter>
98        </activity>
99
100        <meta-data
100-->src/main/AndroidManifest.xml:68:9-70:36
101            android:name="firebase_performance_logcat_enabled"
101-->src/main/AndroidManifest.xml:69:13-63
102            android:value="true" />
102-->src/main/AndroidManifest.xml:70:13-33
103
104        <receiver android:name="com.guruprasad.tutionnotesaplication.Receiver.AlaramReceiver" />
104-->src/main/AndroidManifest.xml:72:9-61
104-->src/main/AndroidManifest.xml:72:19-58
105
106        <activity
106-->[com.github.afreakyelf:Pdf-Viewer:v1.0.7] AndroidManifest.xml:19:9-21:66
107            android:name="com.rajat.pdfviewer.PdfViewerActivity"
107-->[com.github.afreakyelf:Pdf-Viewer:v1.0.7] AndroidManifest.xml:20:13-65
108            android:theme="@style/Theme.PdfView.SelectedTheme" />
108-->[com.github.afreakyelf:Pdf-Viewer:v1.0.7] AndroidManifest.xml:21:13-63
109
110        <service
110-->[com.google.firebase:firebase-inappmessaging-display:20.4.0] AndroidManifest.xml:19:9-28:19
111            android:name="com.google.firebase.components.ComponentDiscoveryService"
111-->[com.google.firebase:firebase-inappmessaging-display:20.4.0] AndroidManifest.xml:20:13-84
112            android:directBootAware="true"
112-->[com.google.firebase:firebase-common:20.4.2] AndroidManifest.xml:32:13-43
113            android:exported="false" >
113-->[com.google.firebase:firebase-inappmessaging-display:20.4.0] AndroidManifest.xml:21:13-37
114            <meta-data
114-->[com.google.firebase:firebase-inappmessaging-display:20.4.0] AndroidManifest.xml:22:13-24:85
115                android:name="com.google.firebase.components:com.google.firebase.inappmessaging.display.FirebaseInAppMessagingDisplayKtxRegistrar"
115-->[com.google.firebase:firebase-inappmessaging-display:20.4.0] AndroidManifest.xml:23:17-147
116                android:value="com.google.firebase.components.ComponentRegistrar" />
116-->[com.google.firebase:firebase-inappmessaging-display:20.4.0] AndroidManifest.xml:24:17-82
117            <meta-data
117-->[com.google.firebase:firebase-inappmessaging-display:20.4.0] AndroidManifest.xml:25:13-27:85
118                android:name="com.google.firebase.components:com.google.firebase.inappmessaging.display.FirebaseInAppMessagingDisplayRegistrar"
118-->[com.google.firebase:firebase-inappmessaging-display:20.4.0] AndroidManifest.xml:26:17-144
119                android:value="com.google.firebase.components.ComponentRegistrar" />
119-->[com.google.firebase:firebase-inappmessaging-display:20.4.0] AndroidManifest.xml:27:17-82
120            <meta-data
120-->[com.google.firebase:firebase-perf:20.5.2] AndroidManifest.xml:14:13-16:85
121                android:name="com.google.firebase.components:com.google.firebase.perf.FirebasePerfKtxRegistrar"
121-->[com.google.firebase:firebase-perf:20.5.2] AndroidManifest.xml:15:17-112
122                android:value="com.google.firebase.components.ComponentRegistrar" />
122-->[com.google.firebase:firebase-perf:20.5.2] AndroidManifest.xml:16:17-82
123            <meta-data
123-->[com.google.firebase:firebase-perf:20.5.2] AndroidManifest.xml:17:13-19:85
124                android:name="com.google.firebase.components:com.google.firebase.perf.FirebasePerfRegistrar"
124-->[com.google.firebase:firebase-perf:20.5.2] AndroidManifest.xml:18:17-109
125                android:value="com.google.firebase.components.ComponentRegistrar" />
125-->[com.google.firebase:firebase-perf:20.5.2] AndroidManifest.xml:19:17-82
126            <meta-data
126-->[com.google.firebase:firebase-auth-ktx:22.3.1] AndroidManifest.xml:11:13-13:85
127                android:name="com.google.firebase.components:com.google.firebase.auth.ktx.FirebaseAuthLegacyRegistrar"
127-->[com.google.firebase:firebase-auth-ktx:22.3.1] AndroidManifest.xml:12:17-119
128                android:value="com.google.firebase.components.ComponentRegistrar" />
128-->[com.google.firebase:firebase-auth-ktx:22.3.1] AndroidManifest.xml:13:17-82
129            <meta-data
129-->[com.google.firebase:firebase-database-ktx:20.3.0] AndroidManifest.xml:12:13-14:85
130                android:name="com.google.firebase.components:com.google.firebase.database.ktx.FirebaseDatabaseLegacyRegistrar"
130-->[com.google.firebase:firebase-database-ktx:20.3.0] AndroidManifest.xml:13:17-127
131                android:value="com.google.firebase.components.ComponentRegistrar" />
131-->[com.google.firebase:firebase-database-ktx:20.3.0] AndroidManifest.xml:14:17-82
132            <meta-data
132-->[com.google.firebase:firebase-storage-ktx:20.3.0] AndroidManifest.xml:12:13-14:85
133                android:name="com.google.firebase.components:com.google.firebase.storage.ktx.FirebaseStorageLegacyRegistrar"
133-->[com.google.firebase:firebase-storage-ktx:20.3.0] AndroidManifest.xml:13:17-125
134                android:value="com.google.firebase.components.ComponentRegistrar" />
134-->[com.google.firebase:firebase-storage-ktx:20.3.0] AndroidManifest.xml:14:17-82
135            <meta-data
135-->[com.google.firebase:firebase-auth:22.3.1] AndroidManifest.xml:69:13-71:85
136                android:name="com.google.firebase.components:com.google.firebase.auth.FirebaseAuthRegistrar"
136-->[com.google.firebase:firebase-auth:22.3.1] AndroidManifest.xml:70:17-109
137                android:value="com.google.firebase.components.ComponentRegistrar" />
137-->[com.google.firebase:firebase-auth:22.3.1] AndroidManifest.xml:71:17-82
138            <meta-data
138-->[com.google.firebase:firebase-database:20.3.0] AndroidManifest.xml:29:13-31:85
139                android:name="com.google.firebase.components:com.google.firebase.database.FirebaseDatabaseKtxRegistrar"
139-->[com.google.firebase:firebase-database:20.3.0] AndroidManifest.xml:30:17-120
140                android:value="com.google.firebase.components.ComponentRegistrar" />
140-->[com.google.firebase:firebase-database:20.3.0] AndroidManifest.xml:31:17-82
141            <meta-data
141-->[com.google.firebase:firebase-database:20.3.0] AndroidManifest.xml:32:13-34:85
142                android:name="com.google.firebase.components:com.google.firebase.database.DatabaseRegistrar"
142-->[com.google.firebase:firebase-database:20.3.0] AndroidManifest.xml:33:17-109
143                android:value="com.google.firebase.components.ComponentRegistrar" />
143-->[com.google.firebase:firebase-database:20.3.0] AndroidManifest.xml:34:17-82
144            <meta-data
144-->[com.google.firebase:firebase-storage:20.3.0] AndroidManifest.xml:30:13-32:85
145                android:name="com.google.firebase.components:com.google.firebase.storage.FirebaseStorageKtxRegistrar"
145-->[com.google.firebase:firebase-storage:20.3.0] AndroidManifest.xml:31:17-118
146                android:value="com.google.firebase.components.ComponentRegistrar" />
146-->[com.google.firebase:firebase-storage:20.3.0] AndroidManifest.xml:32:17-82
147            <meta-data
147-->[com.google.firebase:firebase-storage:20.3.0] AndroidManifest.xml:33:13-35:85
148                android:name="com.google.firebase.components:com.google.firebase.storage.StorageRegistrar"
148-->[com.google.firebase:firebase-storage:20.3.0] AndroidManifest.xml:34:17-107
149                android:value="com.google.firebase.components.ComponentRegistrar" />
149-->[com.google.firebase:firebase-storage:20.3.0] AndroidManifest.xml:35:17-82
150            <meta-data
150-->[com.google.firebase:firebase-crashlytics:18.6.2] AndroidManifest.xml:15:13-17:85
151                android:name="com.google.firebase.components:com.google.firebase.crashlytics.FirebaseCrashlyticsKtxRegistrar"
151-->[com.google.firebase:firebase-crashlytics:18.6.2] AndroidManifest.xml:16:17-126
152                android:value="com.google.firebase.components.ComponentRegistrar" />
152-->[com.google.firebase:firebase-crashlytics:18.6.2] AndroidManifest.xml:17:17-82
153            <meta-data
153-->[com.google.firebase:firebase-crashlytics:18.6.2] AndroidManifest.xml:18:13-20:85
154                android:name="com.google.firebase.components:com.google.firebase.crashlytics.CrashlyticsRegistrar"
154-->[com.google.firebase:firebase-crashlytics:18.6.2] AndroidManifest.xml:19:17-115
155                android:value="com.google.firebase.components.ComponentRegistrar" />
155-->[com.google.firebase:firebase-crashlytics:18.6.2] AndroidManifest.xml:20:17-82
156            <meta-data
156-->[com.google.firebase:firebase-messaging:23.4.1] AndroidManifest.xml:57:13-59:85
157                android:name="com.google.firebase.components:com.google.firebase.messaging.FirebaseMessagingKtxRegistrar"
157-->[com.google.firebase:firebase-messaging:23.4.1] AndroidManifest.xml:58:17-122
158                android:value="com.google.firebase.components.ComponentRegistrar" />
158-->[com.google.firebase:firebase-messaging:23.4.1] AndroidManifest.xml:59:17-82
159            <meta-data
159-->[com.google.firebase:firebase-messaging:23.4.1] AndroidManifest.xml:60:13-62:85
160                android:name="com.google.firebase.components:com.google.firebase.messaging.FirebaseMessagingRegistrar"
160-->[com.google.firebase:firebase-messaging:23.4.1] AndroidManifest.xml:61:17-119
161                android:value="com.google.firebase.components.ComponentRegistrar" />
161-->[com.google.firebase:firebase-messaging:23.4.1] AndroidManifest.xml:62:17-82
162            <meta-data
162-->[com.google.firebase:firebase-appcheck:17.1.0] AndroidManifest.xml:25:13-27:85
163                android:name="com.google.firebase.components:com.google.firebase.appcheck.FirebaseAppCheckKtxRegistrar"
163-->[com.google.firebase:firebase-appcheck:17.1.0] AndroidManifest.xml:26:17-120
164                android:value="com.google.firebase.components.ComponentRegistrar" />
164-->[com.google.firebase:firebase-appcheck:17.1.0] AndroidManifest.xml:27:17-82
165            <meta-data
165-->[com.google.firebase:firebase-appcheck:17.1.0] AndroidManifest.xml:28:13-30:85
166                android:name="com.google.firebase.components:com.google.firebase.appcheck.FirebaseAppCheckRegistrar"
166-->[com.google.firebase:firebase-appcheck:17.1.0] AndroidManifest.xml:29:17-117
167                android:value="com.google.firebase.components.ComponentRegistrar" />
167-->[com.google.firebase:firebase-appcheck:17.1.0] AndroidManifest.xml:30:17-82
168            <meta-data
168-->[com.google.android.gms:play-services-measurement-api:21.5.1] AndroidManifest.xml:37:13-39:85
169                android:name="com.google.firebase.components:com.google.firebase.analytics.connector.internal.AnalyticsConnectorRegistrar"
169-->[com.google.android.gms:play-services-measurement-api:21.5.1] AndroidManifest.xml:38:17-139
170                android:value="com.google.firebase.components.ComponentRegistrar" />
170-->[com.google.android.gms:play-services-measurement-api:21.5.1] AndroidManifest.xml:39:17-82
171            <meta-data
171-->[com.google.firebase:firebase-sessions:1.2.2] AndroidManifest.xml:29:13-31:85
172                android:name="com.google.firebase.components:com.google.firebase.sessions.FirebaseSessionsRegistrar"
172-->[com.google.firebase:firebase-sessions:1.2.2] AndroidManifest.xml:30:17-117
173                android:value="com.google.firebase.components.ComponentRegistrar" />
173-->[com.google.firebase:firebase-sessions:1.2.2] AndroidManifest.xml:31:17-82
174            <meta-data
174-->[com.google.firebase:firebase-config:21.5.0] AndroidManifest.xml:29:13-31:85
175                android:name="com.google.firebase.components:com.google.firebase.remoteconfig.FirebaseRemoteConfigKtxRegistrar"
175-->[com.google.firebase:firebase-config:21.5.0] AndroidManifest.xml:30:17-128
176                android:value="com.google.firebase.components.ComponentRegistrar" />
176-->[com.google.firebase:firebase-config:21.5.0] AndroidManifest.xml:31:17-82
177            <meta-data
177-->[com.google.firebase:firebase-config:21.5.0] AndroidManifest.xml:32:13-34:85
178                android:name="com.google.firebase.components:com.google.firebase.remoteconfig.RemoteConfigRegistrar"
178-->[com.google.firebase:firebase-config:21.5.0] AndroidManifest.xml:33:17-117
179                android:value="com.google.firebase.components.ComponentRegistrar" />
179-->[com.google.firebase:firebase-config:21.5.0] AndroidManifest.xml:34:17-82
180            <meta-data
180-->[com.google.firebase:firebase-inappmessaging:20.4.0] AndroidManifest.xml:14:13-16:85
181                android:name="com.google.firebase.components:com.google.firebase.inappmessaging.FirebaseInAppMessagingKtxRegistrar"
181-->[com.google.firebase:firebase-inappmessaging:20.4.0] AndroidManifest.xml:15:17-132
182                android:value="com.google.firebase.components.ComponentRegistrar" />
182-->[com.google.firebase:firebase-inappmessaging:20.4.0] AndroidManifest.xml:16:17-82
183            <meta-data
183-->[com.google.firebase:firebase-inappmessaging:20.4.0] AndroidManifest.xml:17:13-19:85
184                android:name="com.google.firebase.components:com.google.firebase.inappmessaging.FirebaseInAppMessagingRegistrar"
184-->[com.google.firebase:firebase-inappmessaging:20.4.0] AndroidManifest.xml:18:17-129
185                android:value="com.google.firebase.components.ComponentRegistrar" />
185-->[com.google.firebase:firebase-inappmessaging:20.4.0] AndroidManifest.xml:19:17-82
186            <meta-data
186-->[com.google.firebase:firebase-installations:17.2.0] AndroidManifest.xml:15:13-17:85
187                android:name="com.google.firebase.components:com.google.firebase.installations.FirebaseInstallationsKtxRegistrar"
187-->[com.google.firebase:firebase-installations:17.2.0] AndroidManifest.xml:16:17-130
188                android:value="com.google.firebase.components.ComponentRegistrar" />
188-->[com.google.firebase:firebase-installations:17.2.0] AndroidManifest.xml:17:17-82
189            <meta-data
189-->[com.google.firebase:firebase-installations:17.2.0] AndroidManifest.xml:18:13-20:85
190                android:name="com.google.firebase.components:com.google.firebase.installations.FirebaseInstallationsRegistrar"
190-->[com.google.firebase:firebase-installations:17.2.0] AndroidManifest.xml:19:17-127
191                android:value="com.google.firebase.components.ComponentRegistrar" />
191-->[com.google.firebase:firebase-installations:17.2.0] AndroidManifest.xml:20:17-82
192            <meta-data
192-->[com.google.firebase:firebase-common-ktx:20.4.2] AndroidManifest.xml:12:13-14:85
193                android:name="com.google.firebase.components:com.google.firebase.ktx.FirebaseCommonLegacyRegistrar"
193-->[com.google.firebase:firebase-common-ktx:20.4.2] AndroidManifest.xml:13:17-116
194                android:value="com.google.firebase.components.ComponentRegistrar" />
194-->[com.google.firebase:firebase-common-ktx:20.4.2] AndroidManifest.xml:14:17-82
195            <meta-data
195-->[com.google.firebase:firebase-common:20.4.2] AndroidManifest.xml:35:13-37:85
196                android:name="com.google.firebase.components:com.google.firebase.FirebaseCommonKtxRegistrar"
196-->[com.google.firebase:firebase-common:20.4.2] AndroidManifest.xml:36:17-109
197                android:value="com.google.firebase.components.ComponentRegistrar" />
197-->[com.google.firebase:firebase-common:20.4.2] AndroidManifest.xml:37:17-82
198            <meta-data
198-->[com.google.firebase:firebase-abt:21.1.1] AndroidManifest.xml:12:13-14:85
199                android:name="com.google.firebase.components:com.google.firebase.abt.component.AbtRegistrar"
199-->[com.google.firebase:firebase-abt:21.1.1] AndroidManifest.xml:13:17-109
200                android:value="com.google.firebase.components.ComponentRegistrar" />
200-->[com.google.firebase:firebase-abt:21.1.1] AndroidManifest.xml:14:17-82
201            <meta-data
201-->[com.google.firebase:firebase-datatransport:18.2.0] AndroidManifest.xml:25:13-27:85
202                android:name="com.google.firebase.components:com.google.firebase.datatransport.TransportRegistrar"
202-->[com.google.firebase:firebase-datatransport:18.2.0] AndroidManifest.xml:26:17-115
203                android:value="com.google.firebase.components.ComponentRegistrar" />
203-->[com.google.firebase:firebase-datatransport:18.2.0] AndroidManifest.xml:27:17-82
204        </service>
205
206        <activity
206-->[com.google.firebase:firebase-auth:22.3.1] AndroidManifest.xml:29:9-46:20
207            android:name="com.google.firebase.auth.internal.GenericIdpActivity"
207-->[com.google.firebase:firebase-auth:22.3.1] AndroidManifest.xml:30:13-80
208            android:excludeFromRecents="true"
208-->[com.google.firebase:firebase-auth:22.3.1] AndroidManifest.xml:31:13-46
209            android:exported="true"
209-->[com.google.firebase:firebase-auth:22.3.1] AndroidManifest.xml:32:13-36
210            android:launchMode="singleTask"
210-->[com.google.firebase:firebase-auth:22.3.1] AndroidManifest.xml:33:13-44
211            android:theme="@android:style/Theme.Translucent.NoTitleBar" >
211-->[com.google.firebase:firebase-auth:22.3.1] AndroidManifest.xml:34:13-72
212            <intent-filter>
212-->[com.google.firebase:firebase-auth:22.3.1] AndroidManifest.xml:35:13-45:29
213                <action android:name="android.intent.action.VIEW" />
213-->[com.google.firebase:firebase-inappmessaging-display:20.4.0] AndroidManifest.xml:12:13-65
213-->[com.google.firebase:firebase-inappmessaging-display:20.4.0] AndroidManifest.xml:12:21-62
214
215                <category android:name="android.intent.category.DEFAULT" />
215-->[com.google.firebase:firebase-auth:22.3.1] AndroidManifest.xml:38:17-76
215-->[com.google.firebase:firebase-auth:22.3.1] AndroidManifest.xml:38:27-73
216                <category android:name="android.intent.category.BROWSABLE" />
216-->[com.google.firebase:firebase-auth:22.3.1] AndroidManifest.xml:39:17-78
216-->[com.google.firebase:firebase-auth:22.3.1] AndroidManifest.xml:39:27-75
217
218                <data
218-->[com.google.firebase:firebase-inappmessaging-display:20.4.0] AndroidManifest.xml:14:13-44
219                    android:host="firebase.auth"
220                    android:path="/"
221                    android:scheme="genericidp" />
221-->[com.google.firebase:firebase-inappmessaging-display:20.4.0] AndroidManifest.xml:14:19-41
222            </intent-filter>
223        </activity>
224        <activity
224-->[com.google.firebase:firebase-auth:22.3.1] AndroidManifest.xml:47:9-64:20
225            android:name="com.google.firebase.auth.internal.RecaptchaActivity"
225-->[com.google.firebase:firebase-auth:22.3.1] AndroidManifest.xml:48:13-79
226            android:excludeFromRecents="true"
226-->[com.google.firebase:firebase-auth:22.3.1] AndroidManifest.xml:49:13-46
227            android:exported="true"
227-->[com.google.firebase:firebase-auth:22.3.1] AndroidManifest.xml:50:13-36
228            android:launchMode="singleTask"
228-->[com.google.firebase:firebase-auth:22.3.1] AndroidManifest.xml:51:13-44
229            android:theme="@android:style/Theme.Translucent.NoTitleBar" >
229-->[com.google.firebase:firebase-auth:22.3.1] AndroidManifest.xml:52:13-72
230            <intent-filter>
230-->[com.google.firebase:firebase-auth:22.3.1] AndroidManifest.xml:53:13-63:29
231                <action android:name="android.intent.action.VIEW" />
231-->[com.google.firebase:firebase-inappmessaging-display:20.4.0] AndroidManifest.xml:12:13-65
231-->[com.google.firebase:firebase-inappmessaging-display:20.4.0] AndroidManifest.xml:12:21-62
232
233                <category android:name="android.intent.category.DEFAULT" />
233-->[com.google.firebase:firebase-auth:22.3.1] AndroidManifest.xml:38:17-76
233-->[com.google.firebase:firebase-auth:22.3.1] AndroidManifest.xml:38:27-73
234                <category android:name="android.intent.category.BROWSABLE" />